tensor([[[[ 7.0107e-03,  7.4175e-02, -5.5331e-02],
          [ 2.7170e-02, -6.7787e-03,  3.8529e-02],
          [ 2.3540e-02, -6.1217e-02,  5.4285e-02]],

         [[-1.2921e-02, -6.7723e-02, -1.2349e-02],
          [-4.6049e-03,  6.9963e-02, -1.9655e-02],
          [ 6.9993e-02,  7.0958e-03,  6.4319e-02]],

         [[ 2.5865e-02, -6.6754e-02, -1.5730e-02],
          [ 3.9399e-02,  4.4351e-02,  2.4457e-02],
          [-1.5023e-02, -6.8959e-02, -2.2904e-02]],

         ...,

         [[-2.8972e-02,  3.6489e-02, -7.2646e-02],
          [-6.0143e-02,  3.5375e-02, -5.1825e-04],
          [ 5.8318e-02, -7.0810e-02, -7.1399e-02]],

         [[-6.6264e-02,  2.3360e-02, -5.2010e-02],
          [ 1.7979e-02,  1.5361e-02, -5.9451e-02],
          [ 3.4623e-02, -5.6482e-02, -6.1414e-02]],

         [[ 7.5199e-02, -5.0106e-03, -4.4861e-02],
          [ 4.5083e-02,  4.8480e-02,  1.9534e-02],
          [-1.1455e-02,  2.7005e-02, -7.3592e-02]]],


        [[[ 1.7917e-02,  3.9382e-02,  1.4848e-02],
          [ 9.4362e-03,  5.7884e-02, -6.3095e-02],
          [ 6.9765e-02,  5.1043e-02, -4.4163e-02]],

         [[ 1.0537e-02, -5.8479e-02, -2.2530e-02],
          [-2.9954e-02,  3.5973e-02,  4.4307e-02],
          [-9.9302e-03,  7.8126e-02, -4.4233e-02]],

         [[-2.3493e-02,  7.8562e-02, -4.4710e-02],
          [-7.5725e-02,  3.6923e-02,  7.0200e-02],
          [ 8.5436e-05,  4.5330e-03, -5.8394e-02]],

         ...,

         [[ 2.8356e-02, -7.3866e-02,  2.5896e-02],
          [ 1.1081e-02,  3.3484e-03,  6.5390e-02],
          [-9.4533e-03, -4.5625e-03, -4.3196e-02]],

         [[ 3.0982e-02, -2.6942e-02, -7.0254e-02],
          [ 7.7644e-03,  3.8448e-02,  4.6061e-02],
          [-2.9922e-02,  3.0319e-02,  1.6337e-02]],

         [[-6.8966e-02, -2.8047e-02,  3.7094e-03],
          [ 7.1661e-02, -7.0029e-02, -9.3668e-03],
          [-1.4251e-02, -3.5389e-02, -5.4524e-02]]],


        [[[ 3.2467e-02,  5.2940e-02, -8.8533e-03],
          [-6.8472e-02, -5.3906e-02, -3.1030e-02],
          [-4.0102e-02,  7.1551e-02,  3.1510e-02]],

         [[ 6.5835e-02, -4.8808e-02, -3.1591e-02],
          [ 5.0701e-02, -4.8759e-02,  3.9418e-02],
          [ 7.5505e-03,  3.3686e-02, -7.2831e-02]],

         [[-2.2326e-02,  7.3953e-02, -2.8380e-02],
          [ 4.7650e-02, -1.4940e-02,  4.2885e-02],
          [ 7.5951e-02,  3.2107e-02,  2.1363e-03]],

         ...,

         [[ 1.4074e-02,  5.7595e-02, -7.6190e-02],
          [-1.5902e-02, -4.5575e-02, -6.5234e-02],
          [ 7.1587e-02, -7.3875e-03,  6.1954e-03]],

         [[-1.1654e-02,  5.6230e-02,  1.0761e-02],
          [ 4.6747e-02,  6.0380e-02, -5.1800e-03],
          [ 5.3480e-02,  6.4726e-02, -2.4640e-02]],

         [[-2.1540e-02,  3.4605e-02,  4.3412e-02],
          [-7.4536e-02,  5.6997e-02, -4.2376e-02],
          [-5.7926e-02,  9.1748e-03,  5.2346e-02]]],


        ...,


        [[[ 2.9729e-02,  5.1905e-02, -4.8608e-02],
          [ 5.5772e-02, -3.6257e-02, -6.6761e-02],
          [ 2.8320e-02,  1.9638e-02,  4.2023e-03]],

         [[ 6.1312e-02,  4.7204e-02, -2.4604e-02],
          [-4.1916e-02, -6.5955e-02, -4.7400e-02],
          [-4.2323e-02, -7.3166e-02, -6.3212e-02]],

         [[ 1.8939e-04,  2.1773e-02,  4.7267e-02],
          [-1.4313e-02,  5.0109e-02, -5.3275e-02],
          [ 1.9250e-03, -5.8902e-02,  8.7133e-03]],

         ...,

         [[ 1.6713e-02,  1.7459e-02, -5.8995e-02],
          [-5.4120e-02,  4.3875e-02,  3.1544e-02],
          [ 6.9981e-02,  1.2580e-02,  4.0537e-02]],

         [[ 6.8569e-02,  1.4932e-02, -2.5631e-02],
          [-2.0747e-02,  6.0967e-02,  2.1100e-02],
          [ 3.9103e-02, -3.6554e-02,  5.0186e-02]],

         [[ 5.2541e-02,  1.3941e-02,  3.9342e-02],
          [-1.9860e-02, -5.6319e-02,  4.3668e-02],
          [ 3.3091e-02, -7.2666e-02, -2.2966e-02]]],


        [[[-7.3028e-02, -6.6977e-02,  4.8355e-02],
          [ 2.6790e-02, -4.0240e-03, -5.5515e-03],
          [-6.7635e-02, -4.5669e-02,  3.2347e-02]],

         [[-7.2710e-02, -6.0159e-02, -4.3145e-02],
          [ 2.4169e-02, -1.2977e-02,  4.2562e-02],
          [ 6.2081e-02, -7.5325e-02,  5.2653e-02]],

         [[ 9.9637e-03, -6.4014e-02, -3.0112e-03],
          [-3.7205e-02,  6.6889e-02, -8.4543e-03],
          [-5.0750e-02, -3.1571e-02, -4.9617e-02]],

         ...,

         [[ 4.1316e-02,  5.5536e-02,  1.6749e-02],
          [ 2.2552e-02,  9.6636e-03, -2.7425e-02],
          [ 6.9879e-02, -7.2916e-02,  3.9055e-02]],

         [[-1.4840e-02,  6.8152e-02, -5.0824e-02],
          [ 5.0189e-02, -3.4223e-02, -2.3709e-02],
          [-7.0084e-02,  1.4170e-02, -8.6603e-03]],

         [[ 6.6347e-03,  2.1840e-02,  1.2176e-02],
          [ 2.4149e-02, -3.7050e-02,  3.9588e-02],
          [ 4.5163e-02, -2.1035e-02,  3.1793e-02]]],


        [[[ 1.9800e-02, -2.2094e-02, -5.4353e-02],
          [-1.5052e-02,  7.8289e-02, -6.8664e-02],
          [-5.1360e-03,  6.3744e-02,  2.6553e-02]],

         [[-1.5800e-02, -1.3780e-02,  4.5106e-03],
          [-6.5241e-02, -2.8803e-02, -2.6633e-03],
          [ 6.6559e-02,  7.1148e-02,  4.9247e-02]],

         [[ 5.6051e-03, -1.4235e-02, -3.6828e-02],
          [ 4.5514e-02, -4.1576e-02,  4.0017e-02],
          [ 1.2621e-02, -3.6213e-02, -3.4785e-02]],

         ...,

         [[-4.6404e-02, -4.4025e-02, -6.1505e-02],
          [ 6.4393e-02, -5.1137e-02, -1.0820e-02],
          [ 7.3121e-02,  1.4155e-02, -8.3343e-03]],

         [[ 7.8501e-02,  7.2894e-02,  1.3554e-02],
          [-4.4912e-02,  6.9521e-02,  5.6123e-02],
          [-4.3593e-02, -4.1448e-02, -1.6246e-02]],

         [[ 7.1296e-02, -2.8216e-02,  2.4129e-02],
          [ 6.8792e-02,  2.8906e-02,  4.5452e-02],
          [-3.5038e-02,  1.4984e-02,  4.0336e-03]]]], device='cuda:0') is the same weight
tensor([[[[ 0.0504, -0.0022,  0.0244],
          [-0.0371,  0.0257, -0.0433],
          [ 0.0777, -0.0145,  0.0236]],

         [[-0.0010, -0.0776,  0.0246],
          [ 0.0079, -0.0315,  0.0759],
          [ 0.0656, -0.0050, -0.0043]],

         [[-0.0068, -0.0570,  0.0591],
          [ 0.0205,  0.0425, -0.0118],
          [-0.0583, -0.0739,  0.0467]],

         ...,

         [[-0.0546, -0.0263, -0.0027],
          [-0.0560, -0.0774, -0.0125],
          [-0.0716,  0.0005, -0.0608]],

         [[ 0.0529, -0.0568, -0.0556],
          [ 0.0772,  0.0163,  0.0307],
          [-0.0339,  0.0714, -0.0458]],

         [[-0.0321, -0.0268,  0.0748],
          [ 0.0356,  0.0210, -0.0640],
          [-0.0145, -0.0527,  0.0126]]],


        [[[-0.0522, -0.0715, -0.0176],
          [ 0.0338,  0.0084, -0.0468],
          [ 0.0105,  0.0011,  0.0195]],

         [[ 0.0086,  0.0657, -0.0563],
          [-0.0424,  0.0774,  0.0149],
          [-0.0016, -0.0784, -0.0633]],

         [[ 0.0464,  0.0664,  0.0070],
          [-0.0404,  0.0517, -0.0046],
          [ 0.0060, -0.0371,  0.0369]],

         ...,

         [[-0.0661,  0.0006,  0.0300],
          [-0.0335,  0.0777,  0.0564],
          [-0.0302, -0.0595, -0.0023]],

         [[-0.0110,  0.0268,  0.0115],
          [-0.0783, -0.0515,  0.0698],
          [-0.0138, -0.0651, -0.0153]],

         [[ 0.0247, -0.0056,  0.0568],
          [ 0.0268, -0.0508,  0.0215],
          [ 0.0462,  0.0228,  0.0661]]],


        [[[-0.0114, -0.0442, -0.0235],
          [-0.0481, -0.0011, -0.0710],
          [ 0.0440, -0.0708,  0.0476]],

         [[-0.0038,  0.0180,  0.0238],
          [ 0.0048, -0.0210,  0.0090],
          [-0.0769, -0.0564, -0.0104]],

         [[-0.0451,  0.0004, -0.0666],
          [ 0.0224,  0.0670,  0.0715],
          [ 0.0065,  0.0093,  0.0409]],

         ...,

         [[ 0.0322, -0.0018,  0.0569],
          [-0.0169, -0.0716,  0.0347],
          [ 0.0727,  0.0598, -0.0696]],

         [[ 0.0484,  0.0012,  0.0173],
          [ 0.0629,  0.0068,  0.0744],
          [-0.0252, -0.0566, -0.0181]],

         [[-0.0659,  0.0237,  0.0550],
          [ 0.0529, -0.0374,  0.0305],
          [ 0.0151,  0.0655, -0.0643]]],


        ...,


        [[[ 0.0049, -0.0335, -0.0497],
          [-0.0686, -0.0572,  0.0028],
          [-0.0315, -0.0436,  0.0565]],

         [[-0.0134, -0.0413, -0.0506],
          [ 0.0143,  0.0510,  0.0783],
          [-0.0481, -0.0636, -0.0444]],

         [[-0.0027,  0.0534,  0.0410],
          [-0.0267, -0.0605,  0.0334],
          [ 0.0712, -0.0478, -0.0325]],

         ...,

         [[ 0.0040, -0.0743, -0.0137],
          [ 0.0138, -0.0749, -0.0681],
          [-0.0737, -0.0386, -0.0478]],

         [[ 0.0715,  0.0073,  0.0059],
          [ 0.0332,  0.0043, -0.0069],
          [ 0.0584,  0.0556, -0.0568]],

         [[-0.0342,  0.0397,  0.0417],
          [-0.0506,  0.0491, -0.0120],
          [-0.0465,  0.0686, -0.0429]]],


        [[[-0.0520, -0.0390,  0.0411],
          [ 0.0452,  0.0735,  0.0520],
          [ 0.0471, -0.0607,  0.0370]],

         [[-0.0164, -0.0180, -0.0031],
          [-0.0778,  0.0036,  0.0409],
          [-0.0374, -0.0166, -0.0271]],

         [[-0.0598, -0.0095,  0.0359],
          [ 0.0086,  0.0712,  0.0540],
          [-0.0407,  0.0067,  0.0495]],

         ...,

         [[ 0.0423,  0.0545,  0.0774],
          [-0.0225, -0.0335, -0.0208],
          [-0.0632, -0.0725,  0.0239]],

         [[ 0.0098,  0.0281,  0.0302],
          [ 0.0774, -0.0523, -0.0714],
          [ 0.0454,  0.0667, -0.0189]],

         [[-0.0501,  0.0314,  0.0356],
          [-0.0147, -0.0784, -0.0714],
          [ 0.0694,  0.0263,  0.0064]]],


        [[[-0.0761, -0.0331, -0.0768],
          [-0.0337,  0.0686,  0.0228],
          [ 0.0468, -0.0484,  0.0494]],

         [[ 0.0356, -0.0701, -0.0655],
          [ 0.0190,  0.0180,  0.0075],
          [-0.0607,  0.0366,  0.0182]],

         [[-0.0242,  0.0656, -0.0446],
          [ 0.0628, -0.0060,  0.0519],
          [-0.0271,  0.0690, -0.0669]],

         ...,

         [[-0.0494, -0.0285, -0.0554],
          [-0.0714,  0.0258,  0.0159],
          [-0.0634, -0.0168, -0.0650]],

         [[ 0.0688, -0.0443,  0.0710],
          [ 0.0369,  0.0470,  0.0010],
          [ 0.0582, -0.0457,  0.0388]],

         [[ 0.0421,  0.0300, -0.0490],
          [ 0.0661, -0.0754,  0.0386],
          [-0.0707, -0.0118, -0.0135]]]], device='cuda:0') is the same weight
